/*
* Hadamard matrix with n = 36:
* - Paley type
* - number of matrices: N = 1
*/

Length of Hadamard matrix:  36
Num. of matrices in total:  1

========================= For  1 -th Matrix =========================
IsSymmetric?  true
Eigenvalues:  { <6, 18>, <-6, 18> }
Eigenspace attached to  6 : 
Vector space of degree 36, dimension 18 over Rational Field
Echelonized basis:
(1 0 0 0 0 0 0 0 0 0 0 0 0 0 0 0 0 0 -3/4 1/4 1/4 1/4 1/4 1/4 1/4 1/4 1/4 1/4 
    1/4 1/4 1/4 1/4 1/4 1/4 1/4 1/4)
(0 1 0 0 0 0 0 0 0 0 0 0 0 0 0 0 0 0 1/4 -3/4 -1/4 -1/4 1/4 -1/4 1/4 1/4 1/4 
    -1/4 -1/4 1/4 1/4 1/4 -1/4 1/4 -1/4 -1/4)
(0 0 1 0 0 0 0 0 0 0 0 0 0 0 0 0 0 0 1/4 -1/4 -3/4 -1/4 -1/4 1/4 -1/4 1/4 1/4 
    1/4 -1/4 -1/4 1/4 1/4 1/4 -1/4 1/4 -1/4)
(0 0 0 1 0 0 0 0 0 0 0 0 0 0 0 0 0 0 1/4 -1/4 -1/4 -3/4 -1/4 -1/4 1/4 -1/4 1/4 
    1/4 1/4 -1/4 -1/4 1/4 1/4 1/4 -1/4 1/4)
(0 0 0 0 1 0 0 0 0 0 0 0 0 0 0 0 0 0 1/4 1/4 -1/4 -1/4 -3/4 -1/4 -1/4 1/4 -1/4 
    1/4 1/4 1/4 -1/4 -1/4 1/4 1/4 1/4 -1/4)
(0 0 0 0 0 1 0 0 0 0 0 0 0 0 0 0 0 0 1/4 -1/4 1/4 -1/4 -1/4 -3/4 -1/4 -1/4 1/4 
    -1/4 1/4 1/4 1/4 -1/4 -1/4 1/4 1/4 1/4)
(0 0 0 0 0 0 1 0 0 0 0 0 0 0 0 0 0 0 1/4 1/4 -1/4 1/4 -1/4 -1/4 -3/4 -1/4 -1/4 
    1/4 -1/4 1/4 1/4 1/4 -1/4 -1/4 1/4 1/4)
(0 0 0 0 0 0 0 1 0 0 0 0 0 0 0 0 0 0 1/4 1/4 1/4 -1/4 1/4 -1/4 -1/4 -3/4 -1/4 
    -1/4 1/4 -1/4 1/4 1/4 1/4 -1/4 -1/4 1/4)
(0 0 0 0 0 0 0 0 1 0 0 0 0 0 0 0 0 0 1/4 1/4 1/4 1/4 -1/4 1/4 -1/4 -1/4 -3/4 
    -1/4 -1/4 1/4 -1/4 1/4 1/4 1/4 -1/4 -1/4)
(0 0 0 0 0 0 0 0 0 1 0 0 0 0 0 0 0 0 1/4 -1/4 1/4 1/4 1/4 -1/4 1/4 -1/4 -1/4 
    -3/4 -1/4 -1/4 1/4 -1/4 1/4 1/4 1/4 -1/4)
(0 0 0 0 0 0 0 0 0 0 1 0 0 0 0 0 0 0 1/4 -1/4 -1/4 1/4 1/4 1/4 -1/4 1/4 -1/4 
    -1/4 -3/4 -1/4 -1/4 1/4 -1/4 1/4 1/4 1/4)
(0 0 0 0 0 0 0 0 0 0 0 1 0 0 0 0 0 0 1/4 1/4 -1/4 -1/4 1/4 1/4 1/4 -1/4 1/4 -1/4
    -1/4 -3/4 -1/4 -1/4 1/4 -1/4 1/4 1/4)
(0 0 0 0 0 0 0 0 0 0 0 0 1 0 0 0 0 0 1/4 1/4 1/4 -1/4 -1/4 1/4 1/4 1/4 -1/4 1/4 
    -1/4 -1/4 -3/4 -1/4 -1/4 1/4 -1/4 1/4)
(0 0 0 0 0 0 0 0 0 0 0 0 0 1 0 0 0 0 1/4 1/4 1/4 1/4 -1/4 -1/4 1/4 1/4 1/4 -1/4 
    1/4 -1/4 -1/4 -3/4 -1/4 -1/4 1/4 -1/4)
(0 0 0 0 0 0 0 0 0 0 0 0 0 0 1 0 0 0 1/4 -1/4 1/4 1/4 1/4 -1/4 -1/4 1/4 1/4 1/4 
    -1/4 1/4 -1/4 -1/4 -3/4 -1/4 -1/4 1/4)
(0 0 0 0 0 0 0 0 0 0 0 0 0 0 0 1 0 0 1/4 1/4 -1/4 1/4 1/4 1/4 -1/4 -1/4 1/4 1/4 
    1/4 -1/4 1/4 -1/4 -1/4 -3/4 -1/4 -1/4)
(0 0 0 0 0 0 0 0 0 0 0 0 0 0 0 0 1 0 1/4 -1/4 1/4 -1/4 1/4 1/4 1/4 -1/4 -1/4 1/4
    1/4 1/4 -1/4 1/4 -1/4 -1/4 -3/4 -1/4)
(0 0 0 0 0 0 0 0 0 0 0 0 0 0 0 0 0 1 1/4 -1/4 -1/4 1/4 -1/4 1/4 1/4 1/4 -1/4 
    -1/4 1/4 1/4 1/4 -1/4 1/4 -1/4 -1/4 -3/4)

========================= Linear Algebra method =========================
Solutions by linear algebra: 
Number of solutions: #Z_all =  204
Solutions: Z_all =  [
    [1 -1 1 -1 1 1 -1 1 1 -1 1 -1 1 1 1 1 1 1 1 1 1 1 -1 1 -1 1 -1 1 1 1 -1 -1 
        -1 -1 -1 -1],

    [1 -1 -1 1 1 -1 -1 1 1 1 1 1 -1 1 1 1 1 1 1 1 1 1 1 1 1 -1 -1 -1 1 -1 -1 -1 
        1 -1 -1 -1],

    [1 1 -1 1 -1 1 1 -1 1 1 -1 1 -1 1 1 1 1 1 1 -1 1 1 1 -1 1 -1 1 -1 1 1 1 -1 
        -1 -1 -1 -1],

    [1 -1 1 1 1 1 1 -1 -1 1 1 -1 -1 1 1 1 1 1 1 -1 -1 1 -1 -1 -1 1 1 1 1 1 1 -1 
        -1 -1 1 -1],

    [1 1 -1 -1 1 1 -1 -1 1 1 1 1 1 -1 1 1 1 1 1 -1 1 1 1 1 1 1 -1 -1 -1 1 -1 -1 
        -1 1 -1 -1],

    [1 1 1 -1 1 -1 1 1 -1 1 1 -1 1 -1 1 1 1 1 1 -1 -1 1 1 1 -1 1 -1 1 -1 1 1 1 
        -1 -1 -1 -1],

    [1 -1 1 -1 -1 1 -1 -1 -1 1 -1 -1 1 -1 1 1 1 1 -1 -1 1 1 1 1 1 1 1 1 1 1 1 -1
        -1 -1 -1 -1],

    [1 1 -1 1 1 1 1 1 -1 -1 1 1 -1 -1 1 1 1 1 1 -1 -1 -1 1 -1 -1 -1 1 1 1 1 1 1 
        -1 -1 -1 1],

    [-1 -1 -1 -1 1 1 -1 1 -1 1 1 -1 -1 -1 1 1 1 1 1 -1 1 1 1 -1 -1 -1 -1 -1 1 1 
        1 -1 -1 -1 -1 -1],

    [1 1 1 -1 -1 1 1 -1 -1 1 1 1 1 1 -1 1 1 1 1 -1 -1 1 1 1 1 1 1 -1 -1 -1 1 -1 
        -1 -1 1 -1],

    [-1 -1 1 1 -1 1 -1 -1 -1 -1 1 -1 1 1 -1 1 1 1 1 -1 -1 -1 -1 1 1 1 1 1 1 -1 
        -1 -1 -1 -1 -1 -1],

    [1 1 1 1 -1 1 -1 1 1 -1 1 1 -1 1 -1 1 1 1 1 -1 -1 -1 1 1 1 -1 1 -1 1 -1 1 1 
        1 -1 -1 -1],

    [1 1 -1 1 -1 -1 1 -1 -1 -1 1 -1 -1 1 -1 1 1 1 -1 -1 -1 1 1 1 1 1 1 1 1 1 1 1
        -1 -1 -1 -1],

    [-1 -1 -1 1 1 -1 1 -1 -1 1 -1 1 1 -1 -1 1 1 1 1 1 -1 -1 -1 1 1 -1 -1 1 1 -1 
        -1 -1 1 -1 -1 -1],

    [1 1 1 -1 1 1 1 1 1 -1 -1 1 1 -1 -1 1 1 1 1 1 -1 -1 -1 1 -1 -1 -1 1 1 1 1 1 
        1 -1 -1 -1],

    [1 -1 -1 -1 -1 1 1 1 -1 -1 1 -1 1 -1 -1 1 1 1 -1 1 1 1 1 1 -1 -1 -1 1 1 1 1 
        1 -1 -1 -1 1],

    [-1 1 -1 -1 -1 1 1 -1 1 -1 1 1 -1 -1 -1 1 1 1 1 -1 -1 1 1 1 -1 -1 -1 -1 -1 1
        1 1 -1 -1 -1 -1],

    [1 -1 -1 1 -1 1 -1 -1 1 1 1 -1 -1 -1 -1 1 1 1 -1 -1 1 1 1 1 1 -1 -1 -1 1 1 1
        1 1 1 -1 -1],

    [1 1 1 1 -1 -1 1 1 -1 -1 1 1 1 1 1 -1 1 1 1 -1 -1 -1 1 1 1 1 1 1 -1 -1 -1 1 
        -1 -1 -1 1],

    [-1 -1 1 -1 -1 -1 -1 1 -1 1 1 -1 1 1 1 -1 1 1 1 -1 1 1 1 1 1 1 -1 -1 -1 -1 
        -1 -1 -1 -1 -1 -1],

    [-1 -1 -1 1 -1 1 -1 1 -1 -1 1 1 -1 1 1 -1 1 1 1 -1 1 -1 1 -1 1 -1 1 -1 1 -1 
        -1 -1 -1 -1 -1 1],

    [1 -1 1 -1 1 1 1 1 1 1 -1 1 -1 1 1 -1 1 1 1 1 1 1 -1 -1 -1 -1 -1 -1 1 1 1 -1
        1 -1 1 -1],

    [-1 1 -1 1 1 -1 1 -1 -1 -1 -1 1 -1 1 1 -1 1 1 1 -1 -1 -1 -1 -1 1 1 1 1 1 1 
        -1 -1 -1 -1 -1 -1],

    [-1 -1 1 1 -1 -1 1 -1 1 -1 1 -1 -1 1 1 -1 1 1 1 -1 -1 1 -1 1 -1 1 -1 1 -1 1 
        -1 1 -1 -1 -1 -1],

    [1 -1 1 1 -1 1 -1 1 1 1 1 1 1 -1 1 -1 1 1 1 -1 1 -1 1 1 1 -1 -1 -1 -1 -1 -1 
        1 1 1 -1 1],

    [1 1 1 1 1 -1 1 -1 1 1 -1 1 1 -1 1 -1 1 1 1 -1 -1 -1 -1 1 1 1 -1 1 -1 1 -1 1
        1 1 -1 -1],

    [-1 -1 -1 -1 1 1 1 1 -1 -1 -1 1 1 -1 1 -1 1 1 1 1 1 -1 -1 -1 -1 -1 -1 1 1 1 
        -1 -1 -1 -1 -1 1],

    [1 -1 -1 1 -1 -1 1 -1 -1 1 1 -1 1 -1 1 -1 1 1 -1 -1 1 1 1 1 1 1 -1 1 -1 1 -1
        1 -1 1 -1 1],

    [1 -1 1 -1 -1 1 1 -1 -1 -1 1 1 -1 -1 1 -1 1 1 -1 -1 -1 1 1 1 -1 1 1 1 -1 1 1
        1 -1 -1 1 1],

    [-1 -1 -1 1 1 1 -1 -1 1 1 -1 1 -1 -1 1 -1 1 1 1 -1 1 -1 -1 -1 1 -1 -1 -1 1 1
        -1 -1 1 1 -1 -1],

    [1 1 1 -1 1 -1 -1 1 -1 -1 -1 1 -1 -1 1 -1 1 1 -1 -1 -1 -1 1 1 1 1 1 1 1 1 1 
        1 1 -1 -1 -1],

    [-1 -1 1 1 1 -1 1 1 -1 1 -1 -1 -1 -1 1 -1 1 1 1 -1 -1 -1 -1 -1 -1 -1 -1 1 1 
        1 1 1 1 -1 -1 -1],

    [1 -1 -1 1 1 1 1 1 -1 1 1 1 1 1 -1 -1 1 1 1 1 1 -1 -1 -1 1 -1 -1 -1 1 -1 -1 
        -1 1 1 1 1],

    [-1 -1 1 -1 -1 1 -1 1 1 -1 -1 1 1 1 -1 -1 1 1 1 1 1 -1 -1 1 1 -1 -1 -1 1 -1 
        -1 -1 1 -1 -1 -1],

    [-1 1 -1 -1 1 1 -1 1 -1 -1 1 -1 1 1 -1 -1 1 1 1 -1 1 -1 -1 -1 1 1 -1 -1 1 1 
        -1 -1 -1 1 -1 -1],

    [1 1 1 1 -1 1 1 1 1 1 -1 -1 1 1 -1 -1 1 1 1 -1 1 -1 -1 -1 1 -1 -1 -1 1 1 1 1
        1 1 -1 -1],

    [-1 -1 -1 -1 -1 -1 1 -1 -1 -1 -1 -1 1 1 -1 -1 1 1 -1 1 1 1 -1 1 1 1 -1 1 1 1
        -1 -1 -1 -1 -1 -1],

    [1 -1 -1 -1 1 1 -1 -1 1 -1 1 1 -1 1 -1 -1 1 1 -1 1 1 1 -1 1 1 1 -1 -1 1 1 -1
        -1 1 1 1 -1],

    [-1 -1 1 1 -1 1 1 -1 -1 1 -1 1 -1 1 -1 -1 1 1 1 -1 -1 -1 -1 -1 1 -1 1 -1 1 
        -1 1 -1 1 -1 1 -1],

    [1 1 -1 -1 -1 -1 1 1 1 -1 -1 1 -1 1 -1 -1 1 1 -1 1 1 1 1 1 1 -1 -1 -1 1 1 1 
        1 1 -1 -1 -1],

    [1 -1 1 -1 1 -1 1 1 -1 -1 1 -1 -1 1 -1 -1 1 1 -1 1 -1 1 -1 1 -1 1 -1 1 1 1 1
        1 1 -1 1 -1],

    [-1 -1 1 -1 1 1 -1 -1 -1 1 1 1 1 -1 -1 -1 1 1 1 -1 -1 -1 -1 1 1 1 -1 -1 -1 
        -1 -1 -1 1 1 1 -1],

    [-1 1 1 -1 -1 -1 1 1 -1 1 -1 1 1 -1 -1 -1 1 1 1 -1 -1 -1 1 1 1 -1 -1 -1 -1 
        -1 1 1 1 -1 -1 -1],

    [1 -1 -1 1 -1 1 1 -1 1 -1 -1 1 1 -1 -1 -1 1 1 -1 1 1 -1 -1 1 1 -1 -1 1 1 1 
        -1 1 1 1 -1 1],

    [1 1 -1 -1 1 -1 1 -1 -1 1 1 1 -1 -1 -1 -1 1 1 -1 -1 -1 1 1 1 1 1 -1 -1 -1 1 
        1 1 1 1 1 -1],

    [-1 -1 -1 1 1 -1 -1 -1 -1 -1 1 -1 -1 -1 -1 -1 1 1 -1 -1 -1 -1 -1 1 1 1 -1 1 
        1 1 -1 1 1 1 -1 -1],

    [1 -1 1 1 -1 1 1 -1 1 -1 1 1 1 1 1 1 -1 1 1 1 -1 1 -1 1 -1 1 1 1 -1 -1 -1 -1
        -1 -1 1 1],

    [1 1 1 1 1 -1 -1 1 1 -1 -1 1 1 1 1 1 -1 1 1 1 -1 -1 -1 1 1 1 1 1 1 -1 -1 -1 
        1 -1 -1 -1],

    [1 -1 -1 1 -1 -1 -1 1 -1 -1 1 -1 1 1 1 1 -1 1 -1 1 1 1 1 1 1 1 1 1 1 -1 -1 
        -1 -1 -1 -1 1],

    [-1 1 -1 1 -1 -1 -1 -1 1 -1 1 1 -1 1 1 1 -1 1 1 -1 -1 1 1 1 1 1 1 -1 -1 -1 
        -1 -1 -1 -1 -1 -1],

    [-1 -1 -1 -1 -1 1 -1 1 1 -1 1 1 1 -1 1 1 -1 1 1 1 1 1 1 1 -1 -1 -1 -1 -1 -1 
        -1 -1 -1 -1 -1 1],

    [1 -1 1 1 1 1 1 1 -1 1 -1 1 1 -1 1 1 -1 1 1 1 -1 -1 -1 -1 -1 -1 1 1 1 -1 1 
        -1 1 -1 1 1],

    [-1 1 -1 -1 1 -1 1 -1 1 -1 -1 1 1 -1 1 1 -1 1 1 1 -1 1 -1 1 -1 1 -1 1 -1 1 
        -1 -1 -1 -1 -1 -1],

    [1 1 -1 1 -1 1 1 1 1 1 1 -1 1 -1 1 1 -1 1 1 -1 1 1 1 -1 -1 -1 -1 -1 -1 1 1 1
        -1 1 -1 1],

    [1 -1 -1 1 1 -1 -1 -1 1 1 -1 -1 1 -1 1 1 -1 1 -1 1 1 1 -1 1 1 1 -1 1 1 1 -1 
        -1 1 1 -1 -1],

    [-1 1 1 -1 1 1 -1 1 -1 -1 -1 -1 1 -1 1 1 -1 1 1 -1 -1 -1 -1 -1 -1 1 1 1 1 1 
        1 -1 -1 -1 -1 -1],

    [-1 -1 -1 1 -1 1 1 -1 -1 1 1 1 -1 -1 1 1 -1 1 1 -1 -1 1 1 -1 -1 -1 1 -1 -1 
        -1 1 -1 -1 -1 1 1],

    [-1 1 -1 1 1 -1 -1 1 -1 1 -1 1 -1 -1 1 1 -1 1 1 -1 -1 -1 1 -1 1 -1 1 -1 1 -1
        1 -1 1 -1 -1 -1],

    [1 -1 1 -1 1 1 -1 -1 1 -1 -1 1 -1 -1 1 1 -1 1 -1 1 -1 1 -1 1 -1 1 1 1 1 1 1 
        -1 1 -1 1 -1],

    [-1 -1 1 1 -1 -1 -1 1 1 1 1 -1 -1 -1 1 1 -1 1 1 -1 -1 1 1 1 -1 -1 -1 -1 -1 
        -1 1 1 1 -1 -1 -1],

    [1 1 -1 1 1 -1 1 -1 1 1 1 1 1 1 -1 1 -1 1 1 1 -1 1 -1 1 1 1 -1 -1 -1 -1 -1 
        -1 1 1 1 -1],

    [1 1 1 1 1 1 -1 1 -1 1 1 -1 1 1 -1 1 -1 1 1 -1 -1 -1 -1 -1 1 1 1 -1 1 -1 1 
        -1 1 1 1 -1],

    [1 -1 1 1 -1 -1 1 -1 -1 1 -1 -1 1 1 -1 1 -1 1 -1 1 -1 1 -1 1 1 1 1 1 1 -1 1 
        -1 1 -1 1 -1],

    [-1 1 -1 -1 -1 1 1 1 1 -1 -1 -1 1 1 -1 1 -1 1 1 1 1 1 -1 -1 -1 -1 -1 -1 1 1 
        1 -1 -1 -1 -1 -1],

    [1 1 -1 -1 1 -1 -1 1 -1 -1 1 1 -1 1 -1 1 -1 1 -1 1 -1 1 1 1 1 1 1 -1 1 -1 1 
        -1 1 -1 1 -1],

    [-1 -1 -1 1 1 -1 1 1 -1 1 1 -1 -1 1 -1 1 -1 1 1 1 -1 1 -1 -1 -1 -1 -1 -1 1 
        -1 1 -1 1 -1 1 -1],

    [1 -1 -1 1 1 1 -1 -1 -1 -1 1 1 1 -1 -1 1 -1 1 -1 1 -1 -1 -1 1 1 1 1 1 1 -1 
        -1 -1 1 1 1 1],

    [-1 -1 1 -1 -1 1 1 -1 1 1 -1 1 1 -1 -1 1 -1 1 1 1 -1 1 -1 1 -1 -1 -1 -1 -1 
        -1 1 -1 1 -1 1 -1],

    [1 1 -1 1 -1 -1 1 1 -1 -1 -1 1 1 -1 -1 1 -1 1 -1 1 -1 -1 1 1 1 -1 1 1 1 -1 1
        1 1 -1 -1 1],

    [-1 1 -1 -1 1 1 1 -1 -1 1 1 -1 1 -1 -1 1 -1 1 1 -1 -1 1 -1 -1 -1 1 -1 -1 -1 
        1 1 -1 -1 1 1 -1],

    [-1 -1 -1 -1 -1 -1 -1 1 -1 1 -1 -1 1 -1 -1 1 -1 1 -1 1 1 1 1 1 1 -1 -1 -1 1 
        -1 1 -1 1 -1 -1 -1],

    [1 1 1 1 -1 1 -1 -1 1 -1 -1 -1 1 -1 -1 1 -1 1 -1 -1 -1 -1 -1 1 1 1 1 1 1 1 1
        1 1 1 -1 -1],

    [-1 1 -1 1 1 1 -1 1 1 -1 1 -1 -1 -1 -1 1 -1 1 1 -1 -1 -1 -1 -1 -1 -1 -1 -1 1
        1 1 1 1 1 -1 -1],

    [-1 -1 -1 1 -1 -1 1 -1 1 -1 -1 -1 -1 -1 -1 1 -1 1 -1 1 -1 1 -1 1 -1 -1 -1 1 
        1 1 1 1 1 -1 -1 -1],

    [1 1 -1 -1 1 1 1 1 1 -1 1 1 1 1 1 -1 -1 1 1 1 1 1 -1 -1 -1 1 -1 -1 -1 1 -1 
        -1 -1 1 1 1],

    [-1 1 -1 1 -1 -1 1 -1 1 1 -1 -1 1 1 1 -1 -1 1 1 -1 1 1 -1 -1 1 1 -1 -1 -1 1 
        -1 -1 -1 1 -1 -1],

    [1 -1 1 -1 -1 1 1 1 -1 -1 -1 -1 1 1 1 -1 -1 1 -1 1 1 1 -1 -1 -1 1 1 1 1 1 1 
        -1 -1 -1 1 1],

    [-1 -1 1 -1 1 -1 -1 1 1 -1 1 1 -1 1 1 -1 -1 1 1 1 -1 1 -1 1 -1 1 -1 -1 -1 -1
        -1 -1 1 -1 1 -1],

    [1 -1 -1 1 -1 -1 1 1 -1 1 -1 1 -1 1 1 -1 -1 1 -1 1 1 1 1 -1 1 -1 1 -1 1 -1 1
        -1 1 -1 1 1],

    [-1 1 1 -1 -1 1 1 -1 1 -1 -1 1 -1 1 1 -1 -1 1 1 -1 -1 1 -1 -1 -1 1 1 -1 -1 1
        1 -1 -1 -1 1 -1],

    [1 1 1 1 1 -1 1 1 1 1 1 -1 -1 1 1 -1 -1 1 1 -1 -1 1 -1 -1 -1 1 -1 -1 -1 1 1 
        1 1 1 1 -1],

    [1 -1 1 1 -1 1 -1 -1 1 1 -1 -1 -1 1 1 -1 -1 1 -1 -1 1 1 -1 -1 1 1 1 -1 1 1 1
        -1 1 1 1 -1],

    [-1 1 -1 -1 -1 -1 -1 1 -1 -1 -1 -1 -1 1 1 -1 -1 1 -1 -1 1 1 1 -1 1 1 1 -1 1 
        1 1 -1 -1 -1 -1 -1],

    [1 -1 -1 -1 1 -1 -1 1 -1 1 1 1 1 -1 1 -1 -1 1 -1 1 1 1 1 1 1 1 -1 -1 -1 -1 
        -1 -1 1 1 1 1],

    [1 1 -1 -1 -1 1 1 -1 -1 1 -1 1 1 -1 1 -1 -1 1 -1 -1 1 1 1 -1 1 1 1 -1 -1 1 1
        -1 -1 1 1 1],

    [-1 -1 1 1 -1 -1 1 1 1 -1 -1 1 1 -1 1 -1 -1 1 1 1 -1 -1 -1 1 -1 -1 -1 1 -1 
        -1 -1 1 1 -1 -1 1],

    [-1 1 -1 1 1 -1 1 1 -1 -1 1 -1 1 -1 1 -1 -1 1 1 -1 -1 -1 -1 -1 -1 1 -1 1 -1 
        1 -1 1 -1 1 -1 1],

    [1 1 1 -1 -1 -1 -1 1 1 1 -1 -1 1 -1 1 -1 -1 1 -1 -1 1 1 1 1 1 1 -1 -1 -1 1 1
        1 1 1 -1 -1],

    [-1 -1 -1 1 -1 1 -1 -1 -1 -1 -1 -1 1 -1 1 -1 -1 1 -1 -1 1 -1 -1 -1 1 1 1 1 1
        1 -1 -1 -1 1 -1 1],

    [1 -1 -1 1 1 -1 1 -1 1 -1 1 1 -1 -1 1 -1 -1 1 -1 1 -1 1 -1 1 -1 1 -1 1 -1 1 
        -1 1 1 1 1 1],

    [-1 -1 1 -1 -1 -1 -1 -1 -1 1 -1 1 -1 -1 1 -1 -1 1 -1 -1 -1 1 1 1 1 1 1 -1 -1
        -1 1 -1 1 -1 1 -1],

    [1 1 -1 1 -1 1 -1 1 1 -1 -1 1 -1 -1 1 -1 -1 1 -1 -1 1 -1 1 -1 1 -1 1 -1 1 1 
        1 1 1 1 -1 1],

    [1 -1 1 1 1 1 -1 1 -1 -1 1 -1 -1 -1 1 -1 -1 1 -1 -1 -1 -1 -1 -1 -1 1 1 1 1 1
        1 1 1 1 1 1],

    [-1 1 -1 1 -1 1 1 -1 -1 -1 1 1 1 1 -1 -1 -1 1 1 -1 -1 -1 -1 -1 1 1 1 -1 -1 
        -1 -1 -1 -1 1 1 1],

    [-1 1 1 1 -1 -1 -1 1 1 -1 1 -1 1 1 -1 -1 -1 1 1 -1 -1 -1 -1 1 1 1 -1 -1 -1 
        -1 -1 1 1 1 -1 -1],

    [1 1 -1 -1 1 -1 1 1 -1 1 -1 -1 1 1 -1 -1 -1 1 -1 1 1 1 -1 -1 1 1 -1 -1 1 1 1
        -1 1 1 1 -1],

    [1 -1 -1 1 -1 1 1 1 1 -1 1 -1 -1 1 -1 -1 -1 1 -1 1 1 1 -1 -1 -1 -1 -1 -1 1 1
        1 1 1 1 1 1],

    [1 1 1 -1 -1 1 -1 1 -1 -1 1 1 1 -1 -1 -1 -1 1 -1 -1 -1 -1 1 1 1 1 1 -1 -1 -1
        1 1 1 1 1 1],

    [-1 -1 1 1 -1 1 1 1 -1 1 1 -1 1 -1 -1 -1 -1 1 1 -1 -1 -1 -1 -1 -1 -1 -1 -1 
        -1 -1 1 1 1 1 1 1],

    [-1 -1 -1 -1 -1 -1 1 1 -1 -1 1 1 -1 -1 -1 -1 -1 1 -1 1 -1 1 1 1 -1 -1 -1 -1 
        -1 -1 1 1 1 -1 1 1],

    [-1 1 -1 -1 1 1 -1 -1 -1 -1 -1 1 -1 -1 -1 -1 -1 1 -1 -1 -1 -1 -1 -1 1 1 1 -1
        1 1 1 -1 1 1 1 -1],

    [-1 -1 1 -1 -1 1 -1 -1 1 -1 1 -1 -1 -1 -1 -1 -1 1 -1 -1 -1 1 -1 1 -1 1 -1 -1
        -1 1 1 1 1 1 1 -1],

    [1 1 -1 1 1 -1 1 1 -1 1 -1 1 1 1 1 1 1 -1 1 1 1 -1 1 -1 1 -1 1 1 1 -1 -1 -1 
        -1 -1 -1 1],

    [1 -1 1 1 -1 -1 1 1 1 1 1 -1 1 1 1 1 1 -1 1 1 1 1 1 1 -1 -1 -1 1 -1 -1 -1 1 
        -1 -1 -1 1],

    [1 1 1 1 1 1 -1 -1 1 1 -1 -1 1 1 1 1 1 -1 1 -1 1 -1 -1 -1 1 1 1 1 1 1 -1 -1 
        -1 1 -1 -1],

    [1 1 -1 -1 1 -1 -1 -1 1 -1 -1 1 -1 1 1 1 1 -1 -1 1 1 1 1 1 1 1 1 1 1 1 -1 -1
        -1 -1 -1 -1],

    [-1 -1 -1 1 1 -1 1 -1 1 1 -1 -1 -1 1 1 1 1 -1 1 1 1 1 -1 -1 -1 -1 -1 1 1 1 
        -1 -1 -1 -1 -1 -1],

    [-1 1 1 -1 1 -1 -1 -1 -1 1 -1 1 1 -1 1 1 1 -1 1 -1 -1 -1 1 1 1 1 1 1 -1 -1 
        -1 -1 -1 -1 -1 -1],

    [-1 -1 1 1 -1 1 -1 -1 1 -1 1 1 -1 -1 1 1 1 -1 1 -1 -1 -1 1 1 -1 -1 1 1 -1 -1
        -1 1 -1 -1 -1 1],

    [1 -1 -1 -1 1 1 1 -1 -1 1 -1 1 -1 -1 1 1 1 -1 -1 1 1 1 1 -1 -1 -1 1 1 1 1 1 
        -1 -1 -1 1 1],

    [1 -1 1 -1 1 -1 -1 1 1 1 -1 -1 -1 -1 1 1 1 -1 -1 1 1 1 1 1 -1 -1 -1 1 1 1 1 
        1 1 -1 -1 -1],

    [-1 1 -1 -1 -1 -1 1 -1 1 1 -1 1 1 1 -1 1 1 -1 1 1 1 1 1 1 1 -1 -1 -1 -1 -1 
        -1 -1 -1 -1 -1 -1],

    [-1 -1 1 -1 1 -1 1 -1 -1 1 1 -1 1 1 -1 1 1 -1 1 1 -1 1 -1 1 -1 1 -1 1 -1 -1 
        -1 -1 -1 -1 1 -1],

    [1 1 -1 1 1 1 1 1 1 -1 1 -1 1 1 -1 1 1 -1 1 1 1 -1 -1 -1 -1 -1 -1 1 1 1 -1 1
        -1 1 -1 1],

    [-1 1 1 -1 -1 1 -1 1 -1 1 -1 -1 1 1 -1 1 1 -1 1 -1 1 -1 1 -1 1 -1 1 -1 1 -1 
        1 -1 -1 -1 -1 -1],

    [1 1 1 -1 1 -1 1 1 1 1 1 1 -1 1 -1 1 1 -1 1 1 -1 1 1 1 -1 -1 -1 -1 -1 -1 1 1
        1 -1 1 -1],

    [-1 -1 -1 1 1 1 1 -1 -1 -1 1 1 -1 1 -1 1 1 -1 1 1 -1 -1 -1 -1 -1 -1 1 1 1 -1
        -1 -1 -1 -1 1 1],

    [1 -1 1 -1 -1 1 -1 -1 1 1 -1 1 -1 1 -1 1 1 -1 -1 1 1 1 1 1 1 -1 1 -1 1 -1 1 
        -1 1 -1 1 -1],

    [1 1 -1 -1 1 1 -1 -1 -1 1 1 -1 -1 1 -1 1 1 -1 -1 -1 1 1 1 -1 1 1 1 -1 1 1 1 
        -1 -1 1 1 -1],

    [-1 -1 1 1 1 -1 -1 1 1 -1 1 -1 -1 1 -1 1 1 -1 1 1 -1 -1 -1 1 -1 -1 -1 1 1 -1
        -1 1 1 -1 -1 -1],

    [-1 1 1 1 -1 1 1 -1 1 -1 -1 -1 -1 1 -1 1 1 -1 1 -1 -1 -1 -1 -1 -1 -1 1 1 1 1
        1 1 -1 -1 -1 -1],

    [1 -1 1 1 1 1 1 -1 1 1 1 1 1 -1 -1 1 1 -1 1 1 -1 -1 -1 1 -1 -1 -1 1 -1 -1 -1
        1 1 1 1 1],

    [-1 1 -1 -1 1 -1 1 1 -1 -1 1 1 1 -1 -1 1 1 -1 1 1 -1 -1 1 1 -1 -1 -1 1 -1 -1
        -1 1 -1 -1 -1 1],

    [-1 -1 -1 -1 -1 1 -1 -1 -1 -1 -1 1 1 -1 -1 1 1 -1 -1 1 1 -1 1 1 1 -1 1 1 1 
        -1 -1 -1 -1 -1 -1 1],

    [1 -1 -1 1 1 -1 -1 1 -1 1 1 -1 1 -1 -1 1 1 -1 -1 1 1 -1 1 1 1 -1 -1 1 1 -1 
        -1 1 1 1 -1 1],

    [-1 1 1 -1 1 1 -1 -1 1 -1 1 -1 1 -1 -1 1 1 -1 1 -1 -1 -1 -1 1 -1 1 -1 1 -1 1
        -1 1 -1 1 -1 -1],

    [1 1 -1 1 -1 1 1 -1 -1 1 -1 -1 1 -1 -1 1 1 -1 -1 -1 1 -1 1 -1 1 -1 1 1 1 1 1
        1 -1 1 -1 1],

    [-1 1 -1 1 1 -1 -1 -1 1 1 1 1 -1 -1 -1 1 1 -1 1 -1 -1 -1 1 1 1 -1 -1 -1 -1 
        -1 -1 1 1 1 -1 -1],

    [1 -1 1 -1 1 1 -1 1 -1 -1 1 1 -1 -1 -1 1 1 -1 -1 1 -1 -1 1 1 -1 -1 1 1 1 -1 
        1 1 1 -1 1 1],

    [-1 -1 1 1 -1 -1 -1 -1 -1 1 -1 -1 -1 -1 -1 1 1 -1 -1 -1 -1 -1 1 1 1 -1 1 1 1
        -1 1 1 1 -1 -1 -1],

    [1 1 1 -1 1 1 -1 1 -1 1 1 1 1 1 1 -1 1 -1 1 -1 1 -1 1 -1 1 1 1 -1 -1 -1 -1 
        -1 -1 1 1 1],

    [1 -1 1 -1 -1 -1 1 -1 -1 1 -1 1 1 1 1 -1 1 -1 -1 1 1 1 1 1 1 1 1 1 -1 -1 -1 
        -1 -1 -1 1 1],

    [-1 -1 -1 -1 1 -1 1 1 -1 1 1 1 -1 1 1 -1 1 -1 1 1 1 1 1 -1 -1 -1 -1 -1 -1 -1
        -1 -1 -1 -1 1 1],

    [1 1 1 1 1 1 1 -1 1 -1 1 1 -1 1 1 -1 1 -1 1 -1 -1 -1 -1 -1 -1 1 1 1 -1 1 -1 
        1 -1 1 1 1],

    [1 -1 1 1 -1 -1 -1 1 1 -1 -1 1 -1 1 1 -1 1 -1 -1 1 1 -1 1 1 1 -1 1 1 1 -1 -1
        1 1 -1 -1 1],

    [-1 -1 1 -1 1 1 -1 -1 1 1 1 -1 -1 1 1 -1 1 -1 1 -1 1 1 -1 -1 -1 1 -1 -1 -1 1
        -1 -1 -1 1 1 -1],

    [1 1 -1 1 1 -1 -1 1 -1 -1 1 -1 -1 1 1 -1 1 -1 -1 -1 1 -1 1 -1 1 1 1 1 1 1 -1
        1 -1 1 -1 1],

    [-1 1 1 -1 -1 -1 1 1 1 1 -1 -1 -1 1 1 -1 1 -1 1 -1 1 1 1 -1 -1 -1 -1 -1 -1 1
        1 1 -1 -1 -1 -1],

    [1 1 1 -1 -1 1 -1 -1 1 -1 -1 1 1 -1 1 -1 1 -1 -1 -1 1 -1 1 1 1 1 1 1 -1 1 -1
        1 -1 1 -1 1],

    [-1 -1 1 1 -1 1 1 -1 1 1 -1 -1 1 -1 1 -1 1 -1 1 -1 1 -1 -1 -1 -1 -1 -1 1 -1 
        1 -1 1 -1 1 -1 1],

    [1 -1 1 1 1 -1 -1 -1 -1 1 1 1 -1 -1 1 -1 1 -1 -1 -1 -1 -1 1 1 1 1 1 1 -1 -1 
        -1 1 1 1 1 1],

    [-1 1 -1 -1 1 1 -1 1 1 -1 1 1 -1 -1 1 -1 1 -1 1 -1 1 -1 1 -1 -1 -1 -1 -1 -1 
        1 -1 1 -1 1 -1 1],

    [-1 -1 -1 -1 -1 -1 1 -1 1 -1 -1 1 -1 -1 1 -1 1 -1 -1 1 1 1 1 1 -1 -1 -1 1 -1
        1 -1 1 -1 -1 -1 1],

    [-1 -1 1 -1 -1 1 -1 1 -1 -1 -1 -1 -1 -1 1 -1 1 -1 -1 -1 1 -1 1 -1 -1 -1 1 1 
        1 1 1 1 -1 -1 -1 1],

    [1 1 -1 -1 1 1 1 -1 -1 -1 -1 1 1 1 -1 -1 1 -1 -1 1 1 -1 -1 -1 1 1 1 1 1 1 -1
        -1 -1 1 1 1],

    [-1 1 -1 1 -1 -1 1 1 -1 1 1 -1 1 1 -1 -1 1 -1 1 -1 1 -1 1 -1 1 -1 -1 -1 -1 
        -1 -1 1 -1 1 -1 1],

    [1 -1 1 -1 -1 1 1 -1 1 -1 1 -1 1 1 -1 -1 1 -1 -1 1 1 1 -1 1 -1 1 -1 1 -1 1 
        -1 1 -1 1 1 1],

    [1 1 1 -1 1 -1 -1 1 1 -1 -1 -1 1 1 -1 -1 1 -1 -1 1 1 -1 -1 1 1 1 -1 1 1 1 -1
        1 1 1 -1 -1],

    [1 -1 -1 1 -1 -1 1 -1 1 1 1 1 -1 1 -1 -1 1 -1 -1 1 1 1 1 1 1 -1 -1 -1 -1 -1 
        -1 1 1 1 1 1],

    [-1 1 1 -1 -1 1 1 1 -1 -1 1 1 -1 1 -1 -1 1 -1 1 -1 -1 -1 1 -1 -1 -1 1 -1 -1 
        -1 1 1 -1 -1 1 1],

    [-1 -1 1 -1 1 -1 -1 -1 -1 -1 -1 1 -1 1 -1 -1 1 -1 -1 1 -1 -1 -1 1 1 1 1 1 1 
        -1 -1 -1 1 -1 1 -1],

    [1 -1 1 1 -1 1 -1 1 -1 1 1 -1 -1 1 -1 -1 1 -1 -1 -1 1 -1 1 -1 1 -1 1 -1 1 -1
        1 1 1 1 1 1],

    [-1 1 -1 -1 -1 -1 -1 -1 1 -1 1 -1 -1 1 -1 -1 1 -1 -1 -1 1 1 1 1 1 1 -1 -1 -1
        1 -1 1 -1 1 -1 -1],

    [1 1 1 1 1 -1 1 -1 -1 1 -1 -1 -1 1 -1 -1 1 -1 -1 -1 -1 -1 -1 -1 1 1 1 1 1 1 
        1 1 1 1 1 -1],

    [1 -1 1 -1 1 1 1 1 -1 1 -1 -1 1 -1 -1 -1 1 -1 -1 1 1 -1 -1 -1 -1 -1 -1 1 1 1
        1 1 1 1 1 1],

    [-1 1 1 -1 1 1 1 -1 1 1 -1 1 -1 -1 -1 -1 1 -1 1 -1 -1 -1 -1 -1 -1 -1 -1 -1 
        -1 1 1 1 1 1 1 -1],

    [-1 -1 -1 -1 -1 1 1 -1 -1 1 1 -1 -1 -1 -1 -1 1 -1 -1 -1 1 1 1 -1 -1 -1 -1 -1
        -1 1 1 1 -1 1 1 1],

    [-1 1 -1 -1 1 -1 -1 1 -1 1 -1 -1 -1 -1 -1 -1 1 -1 -1 -1 1 -1 1 -1 1 -1 -1 -1
        1 1 1 1 1 1 -1 -1],

    [1 1 1 -1 -1 1 1 1 1 1 -1 1 1 1 1 1 -1 -1 1 1 1 1 1 -1 -1 -1 1 -1 -1 -1 1 -1
        -1 -1 1 1],

    [-1 -1 1 1 -1 1 -1 1 1 -1 -1 -1 1 1 1 1 -1 -1 1 1 1 -1 -1 -1 -1 -1 1 1 1 -1 
        -1 -1 -1 -1 -1 1],

    [-1 1 1 -1 1 -1 -1 1 -1 1 1 -1 -1 1 1 1 -1 -1 1 -1 -1 1 1 -1 -1 1 1 -1 -1 -1
        1 -1 -1 -1 1 -1],

    [1 -1 -1 1 1 1 -1 -1 1 -1 1 -1 -1 1 1 1 -1 -1 -1 1 1 1 -1 -1 -1 1 1 1 1 1 -1
        -1 -1 1 1 1],

    [1 1 -1 1 -1 -1 1 1 1 -1 -1 -1 -1 1 1 1 -1 -1 -1 1 1 1 1 -1 -1 -1 1 1 1 1 1 
        1 -1 -1 -1 1],

    [-1 1 -1 1 -1 1 -1 -1 1 1 -1 1 1 -1 1 1 -1 -1 1 -1 1 -1 1 -1 1 -1 1 -1 -1 -1
        -1 -1 -1 1 -1 1],

    [-1 -1 1 1 1 1 -1 -1 -1 1 1 -1 1 -1 1 1 -1 -1 1 -1 -1 -1 -1 -1 -1 1 1 1 -1 
        -1 -1 -1 -1 1 1 1],

    [1 1 -1 -1 1 -1 -1 1 1 -1 1 -1 1 -1 1 1 -1 -1 -1 1 1 1 1 1 -1 1 -1 1 -1 1 -1
        1 -1 1 -1 1],

    [-1 1 1 1 -1 -1 1 1 -1 1 -1 -1 1 -1 1 1 -1 -1 1 -1 -1 -1 1 -1 -1 -1 1 1 -1 
        -1 1 1 -1 -1 -1 1],

    [1 1 1 1 1 1 -1 1 1 1 1 1 -1 -1 1 1 -1 -1 1 -1 -1 -1 1 -1 -1 -1 1 -1 -1 -1 1
        1 1 1 1 1],

    [-1 -1 -1 -1 1 -1 -1 -1 -1 -1 1 1 -1 -1 1 1 -1 -1 -1 1 -1 1 1 1 -1 1 1 1 -1 
        -1 -1 -1 -1 -1 1 1],

    [1 -1 1 1 -1 -1 1 -1 1 1 -1 1 -1 -1 1 1 -1 -1 -1 1 -1 1 1 1 -1 -1 1 1 -1 -1 
        1 1 1 -1 1 1],

    [1 1 -1 1 1 -1 1 -1 -1 1 1 -1 -1 -1 1 1 -1 -1 -1 -1 -1 1 1 -1 -1 1 1 1 -1 1 
        1 1 -1 1 1 1],

    [-1 1 1 -1 -1 -1 -1 -1 1 -1 -1 -1 -1 -1 1 1 -1 -1 -1 -1 -1 1 1 1 -1 1 1 1 -1
        1 1 1 -1 -1 -1 -1],

    [1 1 -1 -1 -1 1 -1 -1 1 -1 1 1 1 1 -1 1 -1 -1 -1 1 1 1 1 1 1 1 1 -1 -1 -1 -1
        -1 -1 1 1 1],

    [-1 -1 -1 1 -1 1 1 -1 1 1 1 -1 1 1 -1 1 -1 -1 1 1 1 1 -1 -1 -1 -1 -1 -1 -1 
        -1 -1 -1 -1 1 1 1],

    [1 1 1 -1 -1 -1 1 1 -1 -1 1 -1 1 1 -1 1 -1 -1 -1 1 -1 1 1 1 -1 1 1 1 -1 -1 1
        1 -1 -1 1 1],

    [-1 1 -1 1 1 -1 -1 1 1 1 -1 -1 1 1 -1 1 -1 -1 1 1 1 -1 -1 -1 1 -1 -1 -1 1 -1
        -1 -1 1 1 -1 -1],

    [-1 1 1 -1 1 1 -1 1 1 -1 -1 1 -1 1 -1 1 -1 -1 1 1 -1 -1 -1 -1 -1 -1 1 -1 1 
        -1 1 -1 1 -1 1 -1],

    [1 1 1 1 -1 -1 -1 -1 1 1 1 -1 -1 1 -1 1 -1 -1 -1 -1 -1 1 1 1 1 1 1 -1 -1 -1 
        1 1 1 1 1 -1],

    [-1 -1 -1 -1 -1 1 -1 1 -1 -1 1 -1 -1 1 -1 1 -1 -1 -1 1 1 1 1 -1 -1 -1 1 -1 1
        -1 1 -1 -1 -1 1 1],

    [-1 1 -1 -1 1 -1 1 -1 -1 -1 -1 -1 -1 1 -1 1 -1 -1 -1 1 -1 1 -1 -1 -1 1 1 1 1
        1 1 -1 -1 -1 1 -1],

    [1 1 -1 -1 1 1 -1 1 -1 1 -1 1 1 -1 -1 1 -1 -1 -1 1 1 -1 1 -1 1 -1 1 -1 1 -1 
        1 -1 1 1 1 1],

    [1 -1 1 -1 -1 1 -1 1 1 1 1 -1 1 -1 -1 1 -1 -1 -1 1 1 1 1 1 -1 -1 -1 -1 -1 -1
        1 1 1 1 1 1],

    [-1 1 -1 1 -1 -1 -1 -1 -1 -1 1 -1 1 -1 -1 1 -1 -1 -1 -1 -1 -1 1 1 1 1 1 1 -1
        -1 -1 1 -1 1 -1 1],

    [1 1 1 -1 1 -1 1 -1 1 1 -1 -1 1 -1 -1 1 -1 -1 -1 1 -1 1 -1 1 -1 1 -1 1 -1 1 
        1 1 1 1 1 -1],

    [1 1 -1 1 1 1 1 -1 1 -1 -1 1 -1 -1 -1 1 -1 -1 -1 1 -1 -1 -1 -1 -1 -1 1 1 1 1
        1 1 1 1 1 1],

    [-1 -1 -1 -1 1 1 -1 -1 1 1 -1 -1 -1 -1 -1 1 -1 -1 -1 1 1 1 -1 -1 -1 -1 -1 -1
        1 1 1 -1 1 1 1 -1],

    [-1 1 1 -1 1 -1 1 1 -1 -1 -1 1 1 1 1 -1 -1 -1 1 1 -1 -1 -1 -1 -1 1 1 1 -1 -1
        -1 -1 -1 -1 1 1],

    [1 -1 1 1 1 -1 -1 1 -1 1 -1 -1 1 1 1 -1 -1 -1 -1 1 1 -1 -1 -1 1 1 1 1 1 -1 
        -1 -1 1 1 1 1],

    [-1 1 1 1 1 -1 -1 -1 1 1 -1 1 -1 1 1 -1 -1 -1 1 -1 -1 -1 -1 -1 1 1 1 -1 -1 
        -1 -1 -1 1 1 1 -1],

    [-1 -1 -1 1 -1 -1 -1 -1 -1 1 1 -1 -1 1 1 -1 -1 -1 -1 -1 1 1 1 -1 1 1 1 -1 -1
        -1 -1 -1 -1 1 1 1],

    [1 1 1 -1 -1 1 -1 1 1 -1 1 -1 -1 1 1 -1 -1 -1 -1 -1 1 1 1 -1 -1 1 1 -1 -1 1 
        1 1 -1 1 1 1],

    [-1 -1 1 -1 1 1 -1 1 1 1 -1 1 1 -1 1 -1 -1 -1 1 1 1 -1 -1 -1 -1 -1 -1 -1 -1 
        -1 -1 -1 1 1 1 1],

    [-1 -1 -1 -1 1 -1 1 -1 -1 1 -1 -1 1 -1 1 -1 -1 -1 -1 1 1 1 -1 -1 -1 1 -1 1 
        -1 1 -1 -1 -1 1 1 1],

    [1 1 -1 -1 1 -1 1 1 1 1 -1 1 -1 -1 1 -1 -1 -1 -1 1 1 1 1 -1 -1 -1 -1 -1 -1 1
        1 1 1 1 1 1],

    [-1 -1 -1 1 1 -1 -1 1 1 -1 -1 -1 -1 -1 1 -1 -1 -1 -1 1 1 -1 -1 -1 -1 -1 -1 1
        1 1 -1 1 1 1 -1 1],

    [1 1 1 1 -1 -1 1 -1 1 -1 -1 1 1 1 -1 -1 -1 -1 -1 1 -1 -1 -1 1 1 1 1 1 -1 -1 
        -1 1 1 1 1 1],

    [-1 -1 1 -1 -1 -1 -1 -1 1 1 -1 -1 1 1 -1 -1 -1 -1 -1 1 1 1 -1 1 1 1 -1 -1 -1
        -1 -1 -1 1 1 1 -1],

    [-1 1 -1 1 1 -1 1 1 1 -1 1 1 -1 1 -1 -1 -1 -1 1 1 -1 -1 -1 -1 -1 -1 -1 -1 -1
        -1 -1 1 1 1 1 1],

    [-1 -1 -1 1 -1 1 -1 -1 1 -1 -1 1 -1 1 -1 -1 -1 -1 -1 1 1 -1 -1 -1 1 -1 1 -1 
        1 -1 -1 -1 1 1 1 1],

    [-1 -1 1 1 -1 -1 1 1 -1 -1 -1 -1 -1 1 -1 -1 -1 -1 -1 1 -1 -1 -1 -1 -1 -1 1 1
        1 -1 1 1 1 -1 1 1],

    [-1 1 -1 -1 -1 -1 -1 1 1 -1 -1 1 1 -1 -1 -1 -1 -1 -1 1 1 -1 1 1 1 -1 -1 -1 
        -1 -1 -1 1 1 1 -1 1],

    [-1 -1 1 -1 1 -1 -1 1 -1 -1 1 -1 1 -1 -1 -1 -1 -1 -1 1 -1 -1 -1 1 -1 1 -1 1 
        -1 -1 -1 1 1 1 1 1],

    [-1 1 1 -1 -1 1 1 -1 -1 -1 -1 -1 1 -1 -1 -1 -1 -1 -1 -1 -1 -1 -1 -1 -1 1 1 1
        -1 1 1 1 -1 1 1 1],

    [-1 1 -1 1 -1 -1 1 -1 -1 1 -1 1 -1 -1 -1 -1 -1 -1 -1 -1 -1 -1 1 -1 1 -1 1 -1
        -1 -1 1 1 1 1 1 1]
]
Checked  1 matrices!

Time elapsed:  246.480